<?xml version="1.0" encoding="UTF-8"?>
<testng-results ignored="0" total="1" passed="1" failed="0" skipped="0">
  <reporter-output>
  </reporter-output>
  <suite started-at="2024-02-16T04:28:39Z" name="Suite" finished-at="2024-02-16T04:28:44Z" duration-ms="5415">
    <groups>
    </groups>
    <test started-at="2024-02-16T04:28:39Z" name="Test" finished-at="2024-02-16T04:28:44Z" duration-ms="5415">
      <class name="com.lambdatest.TestNGTodo2">
        <test-method is-config="true" signature="setup(java.lang.reflect.Method, org.testng.ITestContext)[pri:0, instance:com.lambdatest.TestNGTodo2@2698dc7]" started-at="2024-02-16T04:28:39Z" name="setup" finished-at="2024-02-16T04:28:41Z" duration-ms="2166" status="PASS">
          <params>
            <param index="0">
              <value>
                <![CDATA[public void com.lambdatest.TestNGTodo2.basicTest() throws java.lang.InterruptedException]]>
              </value>
            </param>
            <param index="1">
              <value>
                <![CDATA[org.testng.TestRunner@31206beb]]>
              </value>
            </param>
          </params>
          <reporter-output>
          </reporter-output>
        </test-method> <!-- setup -->
        <test-method signature="basicTest()[pri:0, instance:com.lambdatest.TestNGTodo2@2698dc7]" started-at="2024-02-16T04:28:41Z" name="basicTest" finished-at="2024-02-16T04:28:44Z" duration-ms="3016" status="PASS">
          <reporter-output>
          </reporter-output>
        </test-method> <!-- basicTest -->
        <test-method is-config="true" signature="tearDown()[pri:0, instance:com.lambdatest.TestNGTodo2@2698dc7]" started-at="2024-02-16T04:28:44Z" name="tearDown" finished-at="2024-02-16T04:28:44Z" duration-ms="231" status="PASS">
          <reporter-output>
          </reporter-output>
        </test-method> <!-- tearDown -->
      </class> <!-- com.lambdatest.TestNGTodo2 -->
    </test> <!-- Test -->
  </suite> <!-- Suite -->
</testng-results>
